Using pre-set license
Built from '2020.3/staging' branch; Version is '2020.3.5f1 (8095aa901b9b) revision 8426922'; Using compiler version '192528614'; Build Type 'Release'
OS: 'Windows 10 Home Single Language; OS build 19042.1110; Version 2009; 64bit' Language: 'pt' Physical Memory: 8075 MB
BatchMode: 1, IsHumanControllingUs: 0, StartBugReporterOnCrash: 0, Is64bit: 1, IsPro: 0

 COMMAND LINE ARGUMENTS:
C:\Program Files\Unity\Hub\Editor\2020.3.5f1\Editor\Unity.exe
-adb2
-batchMode
-noUpm
-name
AssetImportWorker2
-projectPath
C:/Users/dudud/Documents/LZescape2D
-logFile
Logs/AssetImportWorker2.log
-srvPort
52531
Successfully changed project path to: C:/Users/dudud/Documents/LZescape2D
C:/Users/dudud/Documents/LZescape2D
Using Asset Import Pipeline V2.
Refreshing native plugins compatible for Editor in 75.57 ms, found 1 plugins.
Preloading 0 native plugins for Editor in 0.00 ms.
Initialize engine version: 2020.3.5f1 (8095aa901b9b)
[Subsystems] Discovering subsystems at path C:/Program Files/Unity/Hub/Editor/2020.3.5f1/Editor/Data/Resources/UnitySubsystems
[Subsystems] Discovering subsystems at path C:/Users/dudud/Documents/LZescape2D/Assets
GfxDevice: creating device client; threaded=0
Direct3D:
    Version:  Direct3D 11.0 [level 11.1]
    Renderer: Intel(R) HD Graphics Family (ID=0xa16)
    Vendor:   
    VRAM:     2048 MB
    Driver:   20.19.15.4531
Initialize mono
Mono path[0] = 'C:/Program Files/Unity/Hub/Editor/2020.3.5f1/Editor/Data/Managed'
Mono path[1] = 'C:/Program Files/Unity/Hub/Editor/2020.3.5f1/Editor/Data/MonoBleedingEdge/lib/mono/unityjit'
Mono config path = 'C:/Program Files/Unity/Hub/Editor/2020.3.5f1/Editor/Data/MonoBleedingEdge/etc'
Using monoOptions --debugger-agent=transport=dt_socket,embedding=1,server=y,suspend=n,address=127.0.0.1:56124
Begin MonoManager ReloadAssembly
Registering precompiled unity dll's ...
Register platform support module: C:/Program Files/Unity/Hub/Editor/2020.3.5f1/Editor/Data/PlaybackEngines/WebGLSupport/UnityEditor.WebGL.Extensions.dll
Register platform support module: C:/Program Files/Unity/Hub/Editor/2020.3.5f1/Editor/Data/PlaybackEngines/WindowsStandaloneSupport/UnityEditor.WindowsStandalone.Extensions.dll
Register platform support module: C:/Program Files/Unity/Hub/Editor/2020.3.5f1/Editor/Data/PlaybackEngines/LinuxStandaloneSupport/UnityEditor.LinuxStandalone.Extensions.dll
Registered in 0.004342 seconds.
Native extension for LinuxStandalone target not found
Native extension for WindowsStandalone target not found
Native extension for WebGL target not found
Refreshing native plugins compatible for Editor in 49.54 ms, found 1 plugins.
Preloading 0 native plugins for Editor in 0.00 ms.
Mono: successfully reloaded assembly
- Completed reload, in  2.711 seconds
Platform modules already initialized, skipping
Registering precompiled user dll's ...
Registered in 0.001360 seconds.
Begin MonoManager ReloadAssembly
Native extension for LinuxStandalone target not found
Native extension for WindowsStandalone target not found
Native extension for WebGL target not found
Refreshing native plugins compatible for Editor in 55.01 ms, found 1 plugins.
Preloading 0 native plugins for Editor in 0.00 ms.
Mono: successfully reloaded assembly
- Completed reload, in  2.197 seconds
Platform modules already initialized, skipping
========================================================================
Worker process is ready to serve import requests
Launched and connected shader compiler UnityShaderCompiler.exe after 0.24 seconds
Refreshing native plugins compatible for Editor in 1.66 ms, found 1 plugins.
Preloading 0 native plugins for Editor in 0.00 ms.
Unloading 1814 Unused Serialized files (Serialized files now loaded: 0)
System memory in use before: 85.2 MB.
System memory in use after: 85.2 MB.

Unloading 24 unused Assets to reduce memory usage. Loaded Objects now: 2258.
Total: 3.258300 ms (FindLiveObjects: 0.275500 ms CreateObjectMapping: 0.143300 ms MarkObjects: 2.672500 ms  DeleteObjects: 0.165100 ms)

========================================================================
Received Import Request.
  path: Assets/TowerGamePack/Sprites/path9418.png
  artifactKey: Guid(f636f2a5e16029f4ea1c4efc34411219) Importer(815301076,1909f56bfc062723c751e8b465ee728b)
Start importing Assets/TowerGamePack/Sprites/path9418.png using Guid(f636f2a5e16029f4ea1c4efc34411219) Importer(815301076,1909f56bfc062723c751e8b465ee728b)  -> (artifact id: '6ee938ac1a64a3097fe6e904bd117bec') in 0.764764 seconds
  Import took 0.770376 seconds .

========================================================================
Received Import Request.
  Time since last request: 0.000343 seconds.
  path: Assets/TowerGamePack/Sprites/trees.png
  artifactKey: Guid(b7497f9dfa0009047b276a7fcbc06204) Importer(815301076,1909f56bfc062723c751e8b465ee728b)
Start importing Assets/TowerGamePack/Sprites/trees.png using Guid(b7497f9dfa0009047b276a7fcbc06204) Importer(815301076,1909f56bfc062723c751e8b465ee728b)  -> (artifact id: 'ea3bd807a3ade45afb63bc49fb29c357') in 0.328719 seconds
  Import took 0.355502 seconds .

========================================================================
Received Import Request.
  Time since last request: 0.000369 seconds.
  path: Assets/TowerGamePack/Sprites/tover.png
  artifactKey: Guid(250ee570ea7c61746868682510e6528b) Importer(815301076,1909f56bfc062723c751e8b465ee728b)
Start importing Assets/TowerGamePack/Sprites/tover.png using Guid(250ee570ea7c61746868682510e6528b) Importer(815301076,1909f56bfc062723c751e8b465ee728b)  -> (artifact id: 'efb7c825e2cba909eb17d99392f7a739') in 0.221892 seconds
  Import took 0.225957 seconds .

========================================================================
Received Import Request.
  Time since last request: 0.000343 seconds.
  path: Assets/TowerGamePack/Scene
  artifactKey: Guid(bf483d2c39d99e440bd7c23f50a020bf) Importer(815301076,1909f56bfc062723c751e8b465ee728b)
Start importing Assets/TowerGamePack/Scene using Guid(bf483d2c39d99e440bd7c23f50a020bf) Importer(815301076,1909f56bfc062723c751e8b465ee728b)  -> (artifact id: '3fb9b0bf8215b8b41c30e740337e856d') in 0.050083 seconds
  Import took 0.057951 seconds .

========================================================================
Received Import Request.
  Time since last request: 0.000329 seconds.
  path: Assets/TowerGamePack/Sprites/Scenery.png
  artifactKey: Guid(43fa081eef48e804bb1494e8d3361057) Importer(815301076,1909f56bfc062723c751e8b465ee728b)
Start importing Assets/TowerGamePack/Sprites/Scenery.png using Guid(43fa081eef48e804bb1494e8d3361057) Importer(815301076,1909f56bfc062723c751e8b465ee728b)  -> (artifact id: '5d30d0db8c48a8d3e5f8b8a91d401288') in 0.203313 seconds
  Import took 0.220183 seconds .

========================================================================
Received Import Request.
  Time since last request: 0.000291 seconds.
  path: Assets/TowerGamePack/Sprites/stone.png
  artifactKey: Guid(63f7fe1ee9c5dd94abdad61d721c39bf) Importer(815301076,1909f56bfc062723c751e8b465ee728b)
Start importing Assets/TowerGamePack/Sprites/stone.png using Guid(63f7fe1ee9c5dd94abdad61d721c39bf) Importer(815301076,1909f56bfc062723c751e8b465ee728b)  -> (artifact id: 'ae2bf528d37ebe6931269964c8805576') in 0.363799 seconds
  Import took 0.387140 seconds .

========================================================================
Received Import Request.
  Time since last request: 0.000361 seconds.
  path: Assets/TowerGamePack/Sprites/bitmap.png
  artifactKey: Guid(3183172a1dca0724f8c95008c1bb9225) Importer(815301076,1909f56bfc062723c751e8b465ee728b)
Start importing Assets/TowerGamePack/Sprites/bitmap.png using Guid(3183172a1dca0724f8c95008c1bb9225) Importer(815301076,1909f56bfc062723c751e8b465ee728b)  -> (artifact id: 'cb9b56ba7e559cbba543abbe3b79afbf') in 0.126608 seconds
  Import took 0.153417 seconds .

========================================================================
Received Import Request.
  Time since last request: 0.000376 seconds.
  path: Assets/TowerGamePack/Sprites/shadow.png
  artifactKey: Guid(3c8a7e4bb08cebd4ebd5baa7e6068ec9) Importer(815301076,1909f56bfc062723c751e8b465ee728b)
Start importing Assets/TowerGamePack/Sprites/shadow.png using Guid(3c8a7e4bb08cebd4ebd5baa7e6068ec9) Importer(815301076,1909f56bfc062723c751e8b465ee728b)  -> (artifact id: '8ca1d587ba1372378ec59eaf06336c3f') in 0.022778 seconds
  Import took 0.049636 seconds .

========================================================================
Received Import Request.
  Time since last request: 0.000573 seconds.
  path: Assets/TowerGamePack/Sprites/grass.png
  artifactKey: Guid(cc84aeff9ec56654ea3db8e5f65b632f) Importer(815301076,1909f56bfc062723c751e8b465ee728b)
Start importing Assets/TowerGamePack/Sprites/grass.png using Guid(cc84aeff9ec56654ea3db8e5f65b632f) Importer(815301076,1909f56bfc062723c751e8b465ee728b)  -> (artifact id: 'e427f7696d3bd1e65936bd3ba8b9a90f') in 0.379777 seconds
  Import took 0.390892 seconds .

========================================================================
Received Import Request.
  Time since last request: 239.053011 seconds.
  path: Assets/TowerGamePack/Sprites/grasstop.png
  artifactKey: Guid(058ba2d696de8784db185947a5f55278) Importer(815301076,1909f56bfc062723c751e8b465ee728b)
Start importing Assets/TowerGamePack/Sprites/grasstop.png using Guid(058ba2d696de8784db185947a5f55278) Importer(815301076,1909f56bfc062723c751e8b465ee728b)  -> (artifact id: '4346e66757e8dc2edf0d4ac006e8d922') in 0.028633 seconds
  Import took 0.048352 seconds .

========================================================================
Received Prepare
Registering precompiled user dll's ...
Registered in 0.025525 seconds.
Begin MonoManager ReloadAssembly
Native extension for LinuxStandalone target not found
Native extension for WindowsStandalone target not found
Native extension for WebGL target not found
Refreshing native plugins compatible for Editor in 0.45 ms, found 1 plugins.
Preloading 0 native plugins for Editor in 0.00 ms.
Mono: successfully reloaded assembly
- Completed reload, in  1.230 seconds
Platform modules already initialized, skipping
Refreshing native plugins compatible for Editor in 0.72 ms, found 1 plugins.
Preloading 0 native plugins for Editor in 0.00 ms.
Unloading 1809 Unused Serialized files (Serialized files now loaded: 0)
System memory in use before: 88.5 MB.
System memory in use after: 88.4 MB.

Unloading 12 unused Assets to reduce memory usage. Loaded Objects now: 2405.
Total: 3.185800 ms (FindLiveObjects: 0.295900 ms CreateObjectMapping: 0.243300 ms MarkObjects: 2.505300 ms  DeleteObjects: 0.139600 ms)

========================================================================
Received Prepare
Registering precompiled user dll's ...
Registered in 0.001370 seconds.
Begin MonoManager ReloadAssembly
Native extension for LinuxStandalone target not found
Native extension for WindowsStandalone target not found
Native extension for WebGL target not found
Refreshing native plugins compatible for Editor in 0.48 ms, found 1 plugins.
Preloading 0 native plugins for Editor in 0.00 ms.
Mono: successfully reloaded assembly
- Completed reload, in  1.402 seconds
Platform modules already initialized, skipping
Refreshing native plugins compatible for Editor in 0.81 ms, found 1 plugins.
Preloading 0 native plugins for Editor in 0.00 ms.
Unloading 1809 Unused Serialized files (Serialized files now loaded: 0)
System memory in use before: 88.5 MB.
System memory in use after: 88.5 MB.

Unloading 12 unused Assets to reduce memory usage. Loaded Objects now: 2409.
Total: 3.315400 ms (FindLiveObjects: 0.469500 ms CreateObjectMapping: 0.237400 ms MarkObjects: 2.452500 ms  DeleteObjects: 0.153800 ms)

========================================================================
Received Prepare
Registering precompiled user dll's ...
Registered in 0.001402 seconds.
Begin MonoManager ReloadAssembly
Native extension for LinuxStandalone target not found
Native extension for WindowsStandalone target not found
Native extension for WebGL target not found
Refreshing native plugins compatible for Editor in 0.52 ms, found 1 plugins.
Preloading 0 native plugins for Editor in 0.00 ms.
Mono: successfully reloaded assembly
- Completed reload, in  1.373 seconds
Platform modules already initialized, skipping
Refreshing native plugins compatible for Editor in 0.72 ms, found 1 plugins.
Preloading 0 native plugins for Editor in 0.00 ms.
Unloading 1809 Unused Serialized files (Serialized files now loaded: 0)
System memory in use before: 88.5 MB.
System memory in use after: 88.5 MB.

Unloading 12 unused Assets to reduce memory usage. Loaded Objects now: 2413.
Total: 4.180800 ms (FindLiveObjects: 0.656600 ms CreateObjectMapping: 0.258100 ms MarkObjects: 3.102900 ms  DeleteObjects: 0.160900 ms)

========================================================================
Received Prepare
Registering precompiled user dll's ...
Registered in 0.001407 seconds.
Begin MonoManager ReloadAssembly
Native extension for LinuxStandalone target not found
Native extension for WindowsStandalone target not found
Native extension for WebGL target not found
Refreshing native plugins compatible for Editor in 0.44 ms, found 1 plugins.
Preloading 0 native plugins for Editor in 0.00 ms.
Mono: successfully reloaded assembly
- Completed reload, in  1.369 seconds
Platform modules already initialized, skipping
Refreshing native plugins compatible for Editor in 0.72 ms, found 1 plugins.
Preloading 0 native plugins for Editor in 0.00 ms.
Unloading 1809 Unused Serialized files (Serialized files now loaded: 0)
System memory in use before: 88.6 MB.
System memory in use after: 88.6 MB.

Unloading 12 unused Assets to reduce memory usage. Loaded Objects now: 2417.
Total: 3.165800 ms (FindLiveObjects: 0.510100 ms CreateObjectMapping: 0.213500 ms MarkObjects: 2.251100 ms  DeleteObjects: 0.188400 ms)

========================================================================
Received Prepare
Registering precompiled user dll's ...
Registered in 0.002111 seconds.
Begin MonoManager ReloadAssembly
Native extension for LinuxStandalone target not found
Native extension for WindowsStandalone target not found
Native extension for WebGL target not found
Refreshing native plugins compatible for Editor in 0.48 ms, found 1 plugins.
Preloading 0 native plugins for Editor in 0.00 ms.
Mono: successfully reloaded assembly
- Completed reload, in  1.335 seconds
Platform modules already initialized, skipping
Refreshing native plugins compatible for Editor in 0.73 ms, found 1 plugins.
Preloading 0 native plugins for Editor in 0.00 ms.
Unloading 1809 Unused Serialized files (Serialized files now loaded: 0)
System memory in use before: 88.6 MB.
System memory in use after: 88.6 MB.

Unloading 12 unused Assets to reduce memory usage. Loaded Objects now: 2421.
Total: 4.448400 ms (FindLiveObjects: 0.476000 ms CreateObjectMapping: 0.252400 ms MarkObjects: 3.568200 ms  DeleteObjects: 0.149500 ms)

========================================================================
Received Prepare
Registering precompiled user dll's ...
Registered in 0.001359 seconds.
Begin MonoManager ReloadAssembly
Native extension for LinuxStandalone target not found
Native extension for WindowsStandalone target not found
Native extension for WebGL target not found
Refreshing native plugins compatible for Editor in 0.47 ms, found 1 plugins.
Preloading 0 native plugins for Editor in 0.00 ms.
Mono: successfully reloaded assembly
- Completed reload, in  1.377 seconds
Platform modules already initialized, skipping
Refreshing native plugins compatible for Editor in 0.73 ms, found 1 plugins.
Preloading 0 native plugins for Editor in 0.00 ms.
Unloading 1809 Unused Serialized files (Serialized files now loaded: 0)
System memory in use before: 88.6 MB.
System memory in use after: 88.6 MB.

Unloading 12 unused Assets to reduce memory usage. Loaded Objects now: 2425.
Total: 3.058600 ms (FindLiveObjects: 0.384700 ms CreateObjectMapping: 0.157200 ms MarkObjects: 2.362200 ms  DeleteObjects: 0.152300 ms)

========================================================================
Received Prepare
Registering precompiled user dll's ...
Registered in 0.001645 seconds.
Begin MonoManager ReloadAssembly
Native extension for LinuxStandalone target not found
Native extension for WindowsStandalone target not found
Native extension for WebGL target not found
Refreshing native plugins compatible for Editor in 0.43 ms, found 1 plugins.
Preloading 0 native plugins for Editor in 0.00 ms.
Mono: successfully reloaded assembly
- Completed reload, in  1.107 seconds
Platform modules already initialized, skipping
Refreshing native plugins compatible for Editor in 0.72 ms, found 1 plugins.
Preloading 0 native plugins for Editor in 0.00 ms.
Unloading 1809 Unused Serialized files (Serialized files now loaded: 0)
System memory in use before: 88.6 MB.
System memory in use after: 88.6 MB.

Unloading 12 unused Assets to reduce memory usage. Loaded Objects now: 2429.
Total: 2.702500 ms (FindLiveObjects: 0.260800 ms CreateObjectMapping: 0.104700 ms MarkObjects: 2.188600 ms  DeleteObjects: 0.146900 ms)

========================================================================
Received Import Request.
  Time since last request: 792.379593 seconds.
  path: Assets/scripts/policeSpt.cs
  artifactKey: Guid(0b67d7b74d345114da56586ef562ef88) Importer(815301076,1909f56bfc062723c751e8b465ee728b)
Start importing Assets/scripts/policeSpt.cs using Guid(0b67d7b74d345114da56586ef562ef88) Importer(815301076,1909f56bfc062723c751e8b465ee728b)  -> (artifact id: 'dec346b1ffb3d9676ad065072f059814') in 0.159279 seconds
  Import took 0.180355 seconds .

AssetImportWorkerClient::OnTransportError - code=2 error=End of file
