Using pre-set license
Built from '2020.3/staging' branch; Version is '2020.3.5f1 (8095aa901b9b) revision 8426922'; Using compiler version '192528614'; Build Type 'Release'
OS: 'Windows 10 Home Single Language; OS build 19042.1110; Version 2009; 64bit' Language: 'pt' Physical Memory: 8075 MB
BatchMode: 1, IsHumanControllingUs: 0, StartBugReporterOnCrash: 0, Is64bit: 1, IsPro: 0

 COMMAND LINE ARGUMENTS:
C:\Program Files\Unity\Hub\Editor\2020.3.5f1\Editor\Unity.exe
-adb2
-batchMode
-noUpm
-name
AssetImportWorker1
-projectPath
C:/Users/dudud/Documents/LZescape2D
-logFile
Logs/AssetImportWorker1.log
-srvPort
55841
Successfully changed project path to: C:/Users/dudud/Documents/LZescape2D
C:/Users/dudud/Documents/LZescape2D
Using Asset Import Pipeline V2.
Refreshing native plugins compatible for Editor in 87.13 ms, found 1 plugins.
Preloading 0 native plugins for Editor in 0.00 ms.
Initialize engine version: 2020.3.5f1 (8095aa901b9b)
[Subsystems] Discovering subsystems at path C:/Program Files/Unity/Hub/Editor/2020.3.5f1/Editor/Data/Resources/UnitySubsystems
[Subsystems] Discovering subsystems at path C:/Users/dudud/Documents/LZescape2D/Assets
GfxDevice: creating device client; threaded=0
Direct3D:
    Version:  Direct3D 11.0 [level 11.1]
    Renderer: Intel(R) HD Graphics Family (ID=0xa16)
    Vendor:   
    VRAM:     2048 MB
    Driver:   20.19.15.4531
Initialize mono
Mono path[0] = 'C:/Program Files/Unity/Hub/Editor/2020.3.5f1/Editor/Data/Managed'
Mono path[1] = 'C:/Program Files/Unity/Hub/Editor/2020.3.5f1/Editor/Data/MonoBleedingEdge/lib/mono/unityjit'
Mono config path = 'C:/Program Files/Unity/Hub/Editor/2020.3.5f1/Editor/Data/MonoBleedingEdge/etc'
Using monoOptions --debugger-agent=transport=dt_socket,embedding=1,server=y,suspend=n,address=127.0.0.1:56584
Begin MonoManager ReloadAssembly
Registering precompiled unity dll's ...
Register platform support module: C:/Program Files/Unity/Hub/Editor/2020.3.5f1/Editor/Data/PlaybackEngines/WebGLSupport/UnityEditor.WebGL.Extensions.dll
Register platform support module: C:/Program Files/Unity/Hub/Editor/2020.3.5f1/Editor/Data/PlaybackEngines/WindowsStandaloneSupport/UnityEditor.WindowsStandalone.Extensions.dll
Register platform support module: C:/Program Files/Unity/Hub/Editor/2020.3.5f1/Editor/Data/PlaybackEngines/LinuxStandaloneSupport/UnityEditor.LinuxStandalone.Extensions.dll
Registered in 0.003828 seconds.
Native extension for LinuxStandalone target not found
Native extension for WindowsStandalone target not found
Native extension for WebGL target not found
Refreshing native plugins compatible for Editor in 46.58 ms, found 1 plugins.
Preloading 0 native plugins for Editor in 0.00 ms.
Mono: successfully reloaded assembly
- Completed reload, in  2.900 seconds
Platform modules already initialized, skipping
Registering precompiled user dll's ...
Registered in 0.001369 seconds.
Begin MonoManager ReloadAssembly
Native extension for LinuxStandalone target not found
Native extension for WindowsStandalone target not found
Native extension for WebGL target not found
Refreshing native plugins compatible for Editor in 56.13 ms, found 1 plugins.
Preloading 0 native plugins for Editor in 0.00 ms.
Mono: successfully reloaded assembly
- Completed reload, in  1.319 seconds
Platform modules already initialized, skipping
========================================================================
Worker process is ready to serve import requests
Launched and connected shader compiler UnityShaderCompiler.exe after 0.12 seconds
Refreshing native plugins compatible for Editor in 0.72 ms, found 1 plugins.
Preloading 0 native plugins for Editor in 0.00 ms.
Unloading 1814 Unused Serialized files (Serialized files now loaded: 0)
System memory in use before: 85.1 MB.
System memory in use after: 85.0 MB.

Unloading 24 unused Assets to reduce memory usage. Loaded Objects now: 2257.
Total: 3.228600 ms (FindLiveObjects: 0.579500 ms CreateObjectMapping: 0.175200 ms MarkObjects: 2.301000 ms  DeleteObjects: 0.170800 ms)

========================================================================
Received Import Request.
  path: Assets/images/start.png
  artifactKey: Guid(0eb1687eca92bb14ab6273bbd527368c) Importer(815301076,1909f56bfc062723c751e8b465ee728b)
Start importing Assets/images/start.png using Guid(0eb1687eca92bb14ab6273bbd527368c) Importer(815301076,1909f56bfc062723c751e8b465ee728b)  -> (artifact id: '9a0f2f227ec40befb95aab174e4ca209') in 0.187840 seconds
  Import took 0.222918 seconds .

========================================================================
Received Import Request.
  Time since last request: 179.866561 seconds.
  path: Assets/images/start.png
  artifactKey: Guid(0eb1687eca92bb14ab6273bbd527368c) Importer(815301076,1909f56bfc062723c751e8b465ee728b)
Start importing Assets/images/start.png using Guid(0eb1687eca92bb14ab6273bbd527368c) Importer(815301076,1909f56bfc062723c751e8b465ee728b)  -> (artifact id: '3accb1f8abf560586bcc3db4e1b7ff35') in 0.047236 seconds
  Import took 0.068614 seconds .

========================================================================
Received Import Request.
  Time since last request: 80.731944 seconds.
  path: Assets/images/start 1.png
  artifactKey: Guid(951d0689e635ca14386152a0704a93d0) Importer(815301076,1909f56bfc062723c751e8b465ee728b)
Start importing Assets/images/start 1.png using Guid(951d0689e635ca14386152a0704a93d0) Importer(815301076,1909f56bfc062723c751e8b465ee728b)  -> (artifact id: '9e682d38018f11ccfe5347090d5b777c') in 0.055684 seconds
  Import took 0.153465 seconds .

========================================================================
Received Import Request.
  Time since last request: 92.611297 seconds.
  path: Assets/images/start.png
  artifactKey: Guid(0eb1687eca92bb14ab6273bbd527368c) Importer(815301076,1909f56bfc062723c751e8b465ee728b)
Start importing Assets/images/start.png using Guid(0eb1687eca92bb14ab6273bbd527368c) Importer(815301076,1909f56bfc062723c751e8b465ee728b)  -> (artifact id: 'e0b2ee17b8c6ecb055ea8eb9859b817e') in 0.031275 seconds
  Import took 0.056507 seconds .

========================================================================
Received Import Request.
  Time since last request: 161.498159 seconds.
  path: Assets/images/start.png
  artifactKey: Guid(0eb1687eca92bb14ab6273bbd527368c) Importer(815301076,1909f56bfc062723c751e8b465ee728b)
Start importing Assets/images/start.png using Guid(0eb1687eca92bb14ab6273bbd527368c) Importer(815301076,1909f56bfc062723c751e8b465ee728b)  -> (artifact id: 'a998a43c26d2e7625c91f47046592b96') in 0.048967 seconds
  Import took 0.071346 seconds .

========================================================================
Received Import Request.
  Time since last request: 0.003428 seconds.
  path: Assets/images/start.png
  artifactKey: Guid(0eb1687eca92bb14ab6273bbd527368c) Importer(815301076,1909f56bfc062723c751e8b465ee728b)
Start importing Assets/images/start.png using Guid(0eb1687eca92bb14ab6273bbd527368c) Importer(815301076,1909f56bfc062723c751e8b465ee728b)  -> (artifact id: 'a998a43c26d2e7625c91f47046592b96') in 0.020494 seconds
  Import took 0.029192 seconds .

========================================================================
Received Prepare
Registering precompiled user dll's ...
Registered in 0.002036 seconds.
Begin MonoManager ReloadAssembly
Native extension for LinuxStandalone target not found
Native extension for WindowsStandalone target not found
Native extension for WebGL target not found
Refreshing native plugins compatible for Editor in 0.53 ms, found 1 plugins.
Preloading 0 native plugins for Editor in 0.00 ms.
Mono: successfully reloaded assembly
- Completed reload, in  1.667 seconds
Platform modules already initialized, skipping
Refreshing native plugins compatible for Editor in 0.76 ms, found 1 plugins.
Preloading 0 native plugins for Editor in 0.00 ms.
Unloading 1809 Unused Serialized files (Serialized files now loaded: 0)
System memory in use before: 88.1 MB.
System memory in use after: 88.1 MB.

Unloading 12 unused Assets to reduce memory usage. Loaded Objects now: 2271.
Total: 4.099600 ms (FindLiveObjects: 0.251300 ms CreateObjectMapping: 0.124300 ms MarkObjects: 3.523800 ms  DeleteObjects: 0.197700 ms)

AssetImportWorkerClient::OnTransportError - code=2 error=End of file
